<?xml version="1.0" encoding="UTF-8"?>
<!-- Generated by org.testng.reporters.JUnitReportReporter -->
<testsuite hostname="NODE167" name="com.gspann.selenium.SeleniumTest" tests="1" failures="0" timestamp="20 Jul 2016 08:43:51 GMT" time="14.718" errors="0">
  <testcase name="test1" time="14.718" classname="com.gspann.selenium.SeleniumTest"/>
</testsuite> <!-- com.gspann.selenium.SeleniumTest -->
