<?xml version="1.0" encoding="UTF-8"?>
<!-- Generated by org.testng.reporters.JUnitReportReporter -->
<testsuite hostname="NODE167" name="com.gspann.selenium.Gmail" tests="1" failures="0" timestamp="2 Aug 2016 04:15:44 GMT" time="20.109" errors="0">
  <testcase name="test" time="20.109" classname="com.gspann.selenium.Gmail"/>
</testsuite> <!-- com.gspann.selenium.Gmail -->
