<?xml version="1.0" encoding="UTF-8"?>
<!-- Generated by org.testng.reporters.JUnitReportReporter -->
<testsuite hostname="NODE167" name="com.gspann.selenium.WindowHandleTest" tests="1" failures="0" timestamp="22 Aug 2016 06:02:53 GMT" time="3170.453" errors="0">
  <testcase name="Window" time="3170.453" classname="com.gspann.selenium.WindowHandleTest"/>
</testsuite> <!-- com.gspann.selenium.WindowHandleTest -->
