<?xml version="1.0" encoding="UTF-8"?>
<!-- Generated by org.testng.reporters.JUnitReportReporter -->
<testsuite hostname="NODE167" name="com.gspann.selenium.ExcelTest" tests="2" failures="0" timestamp="11 Aug 2016 08:12:38 GMT" time="0.010" errors="0">
  <testcase name="test1" time="0.009" classname="com.gspann.selenium.ExcelTest"/>
  <testcase name="test1" time="0.001" classname="com.gspann.selenium.ExcelTest"/>
</testsuite> <!-- com.gspann.selenium.ExcelTest -->
