<?xml version="1.0" encoding="UTF-8"?>
<!-- Generated by org.testng.reporters.JUnitReportReporter -->
<testsuite hostname="NODE167" name="com.gspann.selenium.CssSelector" tests="1" failures="0" timestamp="3 Aug 2016 05:55:30 GMT" time="0.251" errors="0">
  <testcase name="start" time="0.251" classname="com.gspann.selenium.CssSelector"/>
</testsuite> <!-- com.gspann.selenium.CssSelector -->
